[debug] > Exec(early(addDefaultCommands), None, None)
[debug] > Exec(addDefaultCommands, None, None)
[debug] > Exec(early(initialize), None, None)
[debug] > Exec(initialize, None, None)
[debug] > Exec(boot, None, None)
[debug] > Exec(writeSbtVersion, None, None)
[debug] > Exec(reload, None, None)
[debug] > Exec(sbtStashOnFailure, None, None)
[debug] > Exec(onFailure loadFailed, None, None)
[debug] > Exec(loadp, None, None)
[info] welcome to sbt 1.10.5 (Amazon.com Inc. Java 21.0.5)
[debug] Load.defaultLoad until apply took 179.6012ms
[debug]           Load.loadUnit: plugins took 135.6686ms
[debug]           Load.loadUnit: defsScala took 0.3759ms
[debug] [Loading] Scanning directory E:\Travail\INFO5\Scala\fp_project\untitled\project
[debug] [Loading] Found non-root projects 
[debug] [Loading] Done in E:\Travail\INFO5\Scala\fp_project\untitled\project, returning: ()
[debug] deducing auto plugins based on known facts Set(Atom(sbt.plugins.CorePlugin)) and clauses Clauses(Clause(Atom(sbt.plugins.JvmPlugin),Set(Atom(sbt.plugins.IvyPlugin)))
[debug] Clause(Atom(sbt.ScriptedPlugin),Set(Atom(sbt.plugins.JvmPlugin)))
[debug] Clause(Atom(sbt.plugins.SbtPlugin),Set(Atom(sbt.ScriptedPlugin)))
[debug] Clause(Atom(sbt.plugins.SemanticdbPlugin),Set(Atom(sbt.plugins.JvmPlugin)))
[debug] Clause(Atom(sbt.plugins.JUnitXmlReportPlugin),Set(Atom(sbt.plugins.JvmPlugin)))
[debug] Clause(Atom(sbt.plugins.MiniDependencyTreePlugin),Set(Atom(sbt.plugins.JvmPlugin)))
[debug] Clause(Atom(sbt.plugins.CorePlugin),Set(Atom(sbt.plugins.IvyPlugin)))
[debug] Clause(Atom(sbt.plugins.IvyPlugin),Set(Atom(sbt.plugins.JvmPlugin)))
[debug] Clause(Atom(sbt.plugins.JvmPlugin),Set(Atom(sbt.plugins.SemanticdbPlugin)))
[debug] Clause(Atom(sbt.plugins.JvmPlugin),Set(Atom(sbt.plugins.JUnitXmlReportPlugin)))
[debug] Clause(Atom(sbt.plugins.CorePlugin),Set(Atom(sbt.plugins.Giter8TemplatePlugin)))
[debug] Clause(Atom(sbt.plugins.JvmPlugin),Set(Atom(sbt.plugins.MiniDependencyTreePlugin))))
[debug]   :: deduced result: Matched(sbt.plugins.CorePlugin,sbt.plugins.Giter8TemplatePlugin,sbt.plugins.IvyPlugin,sbt.plugins.JvmPlugin,sbt.plugins.MiniDependencyTreePlugin,sbt.plugins.JUnitXmlReportPlugin,sbt.plugins.SemanticdbPlugin)
[debug] Plugins.deducer#function took 21.4273 ms
[debug]               Load.resolveProject(untitled-build) took 46.8448ms
[debug]             Load.loadTransitive: finalizeProject(Project(id untitled-build, base: E:\Travail\INFO5\Scala\fp_project\untitled\project, plugins: List(<none>))) took 89.3737ms
[debug] [Loading] Done in E:\Travail\INFO5\Scala\fp_project\untitled\project, returning: (untitled-build)
[debug]           Load.loadUnit: loadedProjectsRaw took 110.2417ms
[debug]           Load.loadUnit: cleanEvalClasses took 0.2219ms
[debug]         Load.loadUnit(file:/E:/Travail/INFO5/Scala/fp_project/untitled/project/, ...) took 253.6553ms
[debug]       Load.apply: load took 499.3092ms
[debug]       Load.apply: resolveProjects took 8.1137ms
[debug]       Load.apply: finalTransforms took 75.9891ms
[debug]       Load.apply: config.delegates took 12.0176ms
[debug]       Load.apply: Def.make(settings)... took 520.606ms
[debug]       Load.apply: structureIndex took 109.4683ms
[debug]       Load.apply: mkStreams took 2.4342ms
[info] loading project definition from E:\Travail\INFO5\Scala\fp_project\untitled\project
[debug] Running task... Cancel: Signal, check cycles: false, forcegc: true
[debug]     Load.loadUnit: plugins took 2315.656ms
[debug]     Load.loadUnit: defsScala took 0.0032ms
[debug] [Loading] Scanning directory E:\Travail\INFO5\Scala\fp_project\untitled
[debug]       Load.loadUnit: mkEval took 5.5117ms
[debug] [Loading] Found root project root w/ remaining 
[debug] deducing auto plugins based on known facts Set(Atom(sbt.plugins.CorePlugin)) and clauses Clauses(Clause(Atom(sbt.plugins.JvmPlugin),Set(Atom(sbt.plugins.IvyPlugin)))
[debug] Clause(Atom(sbt.ScriptedPlugin),Set(Atom(sbt.plugins.JvmPlugin)))
[debug] Clause(Atom(sbt.plugins.SbtPlugin),Set(Atom(sbt.ScriptedPlugin)))
[debug] Clause(Atom(sbt.plugins.SemanticdbPlugin),Set(Atom(sbt.plugins.JvmPlugin)))
[debug] Clause(Atom(sbt.plugins.JUnitXmlReportPlugin),Set(Atom(sbt.plugins.JvmPlugin)))
[debug] Clause(Atom(sbt.plugins.MiniDependencyTreePlugin),Set(Atom(sbt.plugins.JvmPlugin)))
[debug] Clause(Atom(sbt.plugins.CorePlugin),Set(Atom(sbt.plugins.IvyPlugin)))
[debug] Clause(Atom(sbt.plugins.IvyPlugin),Set(Atom(sbt.plugins.JvmPlugin)))
[debug] Clause(Atom(sbt.plugins.JvmPlugin),Set(Atom(sbt.plugins.SemanticdbPlugin)))
[debug] Clause(Atom(sbt.plugins.JvmPlugin),Set(Atom(sbt.plugins.JUnitXmlReportPlugin)))
[debug] Clause(Atom(sbt.plugins.CorePlugin),Set(Atom(sbt.plugins.Giter8TemplatePlugin)))
[debug] Clause(Atom(sbt.plugins.JvmPlugin),Set(Atom(sbt.plugins.MiniDependencyTreePlugin))))
[debug]   :: deduced result: Matched(sbt.plugins.CorePlugin,sbt.plugins.Giter8TemplatePlugin,sbt.plugins.IvyPlugin,sbt.plugins.JvmPlugin,sbt.plugins.MiniDependencyTreePlugin,sbt.plugins.JUnitXmlReportPlugin,sbt.plugins.SemanticdbPlugin)
[debug] Plugins.deducer#function took 3.9887 ms
[info] loading settings for project root from build.sbt ...
[debug]         Load.resolveProject(root) took 5.2899ms
[debug]       Load.loadTransitive: finalizeProject(Project(id root, base: E:\Travail\INFO5\Scala\fp_project\untitled, plugins: List(<none>))) took 10.8855ms
[debug] [Loading] Done in E:\Travail\INFO5\Scala\fp_project\untitled, returning: (root)
[debug]     Load.loadUnit: loadedProjectsRaw took 3235.2365ms
[debug]     Load.loadUnit: cleanEvalClasses took 42.0261ms
[debug]   Load.loadUnit(file:/E:/Travail/INFO5/Scala/fp_project/untitled/, ...) took 5595.4964ms
[debug] Load.apply: load took 5634.9621ms
[debug] Load.apply: resolveProjects took 0.1064ms
[debug] Load.apply: finalTransforms took 14.5855ms
[debug] Load.apply: config.delegates took 0.4446ms
[debug] Load.apply: Def.make(settings)... took 240.3334ms
[debug] Load.apply: structureIndex took 33.4364ms
[debug] Load.apply: mkStreams took 0.0019ms
[info] set current project to untitled (in build file:/E:/Travail/INFO5/Scala/fp_project/untitled/)
[debug] > Exec(sbtPopOnFailure, None, None)
[debug] > Exec(resumeFromFailure, None, None)
[debug] > Exec(notifyUsersAboutShell, None, None)
[debug] > Exec(iflast shell, None, None)
[debug] > Exec(shell, None, None)
[info] sbt server started at local:sbt-server-6e8b21d1673ab1e94fef
[debug] Writing bsp connection file
[info] started sbt server
